2025-03-05 18:38:53 - Request URL -> http://localhost:8080/auth/login
2025-03-05 18:38:53 - Method -> GET
2025-03-05 18:38:53 - Remote Address -> 0:0:0:0:0:0:0:1
2025-03-05 18:38:53 - Response Status -> 200
2025-03-05 18:38:53 - Request completed for URL -> http://localhost:8080/auth/login
2025-03-05 18:38:55 - Request URL -> http://localhost:8080/security/registration
2025-03-05 18:38:55 - Method -> GET
2025-03-05 18:38:55 - Remote Address -> 0:0:0:0:0:0:0:1
2025-03-05 18:38:55 - Response Status -> 200
2025-03-05 18:38:55 - Request completed for URL -> http://localhost:8080/security/registration
2025-03-05 18:41:27 - Request URL -> http://localhost:8080/auth/login
2025-03-05 18:41:27 - Method -> GET
2025-03-05 18:41:27 - Remote Address -> 0:0:0:0:0:0:0:1
2025-03-05 18:41:27 - Response Status -> 200
2025-03-05 18:41:27 - Request completed for URL -> http://localhost:8080/auth/login
2025-03-05 18:41:29 - Request URL -> http://localhost:8080/security/registration
2025-03-05 18:41:29 - Method -> GET
2025-03-05 18:41:29 - Remote Address -> 0:0:0:0:0:0:0:1
2025-03-05 18:41:29 - Response Status -> 200
2025-03-05 18:41:29 - Request completed for URL -> http://localhost:8080/security/registration
